<?xml version="1.0" encoding="UTF-8"?>
<!-- Generated by org.testng.reporters.JUnitReportReporter -->
<testsuite hostname="DESKTOP-NO6ENTF" failures="0" tests="1" name="testScript.JavascriptE" time="10.069" errors="0" timestamp="2025-06-04T20:40:35 IST" skipped="0">
  <testcase classname="testScript.JavascriptE" name="scroll" time="10.069"/>
</testsuite> <!-- testScript.JavascriptE -->
