<?xml version="1.0" encoding="UTF-8"?>
<!-- Generated by org.testng.reporters.JUnitReportReporter -->
<testsuite hostname="DESKTOP-NO6ENTF" failures="0" tests="1" name="testScript.FileUpload" time="15.036" errors="0" timestamp="2025-05-27T21:19:03 IST" skipped="0">
  <testcase classname="testScript.FileUpload" name="fileUploadUsingRobotClass" time="15.036"/>
</testsuite> <!-- testScript.FileUpload -->
