<?xml version="1.0" encoding="UTF-8"?>
<!-- Generated by org.testng.reporters.JUnitReportReporter -->
<testsuite hostname="DESKTOP-NO6ENTF" failures="0" tests="2" name="testScript.Annotations" time="0.027" errors="0" timestamp="2025-06-02T20:24:40 IST" skipped="0">
  <testcase classname="testScript.Annotations" name="Test1" time="0.018"/>
  <testcase classname="testScript.Annotations" name="Test2" time="0.009"/>
</testsuite> <!-- testScript.Annotations -->
