<?xml version="1.0" encoding="UTF-8"?>
<!-- Generated by org.testng.reporters.JUnitReportReporter -->
<testsuite hostname="DESKTOP-NO6ENTF" failures="0" tests="1" name="testScript.TestSample" time="18.265" errors="0" timestamp="2025-06-02T20:06:30 IST" skipped="0">
  <testcase classname="testScript.TestSample" name="display" time="18.265"/>
</testsuite> <!-- testScript.TestSample -->
