<?xml version="1.0" encoding="UTF-8"?>
<!-- Generated by org.testng.reporters.JUnitReportReporter -->
<testsuite hostname="DESKTOP-NO6ENTF" failures="0" tests="1" name="testScript.JavascriptExecutor" time="13.204" errors="0" timestamp="2025-06-04T20:15:49 IST" skipped="0">
  <testcase classname="testScript.JavascriptExecutor" name="javaScriptExecutor" time="13.204"/>
</testsuite> <!-- testScript.JavascriptExecutor -->
