<?xml version="1.0" encoding="UTF-8"?>
<!-- Generated by org.testng.reporters.JUnitReportReporter -->
<testsuite hostname="DESKTOP-NO6ENTF" failures="0" tests="1" name="testScript.Login" time="6.680" errors="0" timestamp="2025-06-05T20:52:08 IST" skipped="0">
  <testcase classname="testScript.Login" name="invalidUsrPwd" time="6.680"/>
</testsuite> <!-- testScript.Login -->
